<?xml version="1.0" encoding="UTF-8"?>
<!-- Generated by org.testng.reporters.JUnitXMLReporter -->
<testsuite ignored="4" hostname="SANJAY-PC" failures="1" tests="7" name="Booking API Tests" time="17.874" errors="0" timestamp="2025-01-09T00:20:30 IST">
  <testcase classname="com.restassured.framework.tests.BookingPositiveTests" name="testCreateBooking" time="7.429"/>
  <testcase classname="com.restassured.framework.tests.BookingPositiveTests" name="testGetBooking" time="1.324"/>
  <testcase classname="com.restassured.framework.tests.BookingNegativeTests" name="testCreateBookingWithInvalidData" time="1.187">
    <skipped/>
  </testcase> <!-- testCreateBookingWithInvalidData -->
  <testcase classname="com.restassured.framework.tests.BookingNegativeTests" name="testCreateBookingWithInvalidData" time="1.2">
    <failure type="java.lang.AssertionError" message="Unexpected status code for invalid booking expected [400] but found [200]">
      <![CDATA[java.lang.AssertionError: Unexpected status code for invalid booking expected [400] but found [200]
at com.restassured.framework.tests.BookingNegativeTests.testCreateBookingWithInvalidData(BookingNegativeTests.java:27)
at java.base/java.util.ArrayList.forEach(ArrayList.java:1541)
... Removed 32 stack frames]]>
    </failure>
  </testcase> <!-- testCreateBookingWithInvalidData -->
  <testcase classname="com.restassured.framework.tests.BookingNegativeTests" name="testGetNonExistentBooking" time="1.134"/>
  <testcase classname="com.restassured.framework.tests.BookingDataDrivenTests" name="testCreateBooking" time="2.397"/>
  <testcase classname="com.restassured.framework.tests.BookingDataDrivenTests" name="testCreateBooking" time="2.438"/>
  <testcase classname="com.restassured.framework.base.BaseTest" name="@AfterSuite tearDownSuite" time="0.0">
    <ignored/>
  </testcase> <!-- @AfterSuite tearDownSuite -->
  <testcase classname="com.restassured.framework.base.BaseTest" name="@AfterSuite tearDownSuite" time="0.0">
    <ignored/>
  </testcase> <!-- @AfterSuite tearDownSuite -->
  <testcase classname="com.restassured.framework.base.BaseTest" name="@BeforeSuite setUpSuite" time="0.0">
    <ignored/>
  </testcase> <!-- @BeforeSuite setUpSuite -->
  <testcase classname="com.restassured.framework.base.BaseTest" name="@BeforeSuite setUpSuite" time="0.0">
    <ignored/>
  </testcase> <!-- @BeforeSuite setUpSuite -->
</testsuite> <!-- Booking API Tests -->
