<?xml version="1.0" encoding="UTF-8"?>
<!-- Generated by org.testng.reporters.JUnitXMLReporter -->
<testsuite ignored="0" hostname="SANJAY-PC" failures="0" tests="2" name="Default test" time="6.048" errors="0" timestamp="2025-01-09T00:18:23 IST">
  <testcase classname="com.restassured.framework.tests.BookingPositiveTests" name="testCreateBooking" time="3.877"/>
  <testcase classname="com.restassured.framework.tests.BookingPositiveTests" name="testGetBooking" time="1.279"/>
</testsuite> <!-- Default test -->
