<?xml version="1.0" encoding="UTF-8"?>
<testsuite xmlns:xsi="http://www.w3.org/2001/XMLSchema-instance" xsi:noNamespaceSchemaLocation="https://maven.apache.org/surefire/maven-surefire-plugin/xsd/surefire-test-report-3.0.xsd" version="3.0" name="TestSuite" time="17.027" tests="6" errors="0" skipped="0" failures="0">
  <properties>
[...]
</properties>
  <testcase name="testCreateBooking" classname="com.restassured.framework.tests.BookingPositiveTests" time="4.761">
    <system-out><![CDATA[01:56:13.527 [main] INFO  com.restassured.framework.base.BaseTest - Setting up base URL: https://restful-booker.herokuapp.com
01:56:14.118 [main] INFO  com.restassured.framework.listeners.TestListener - Test started: testCreateBooking
01:56:14.127 [main] INFO  com.restassured.framework.base.BaseTest - Testing create booking using POST API
01:56:14.518 [main] INFO  com.restassured.framework.utils.APIUtils - Sending POST request to: /booking
01:56:17.819 [main] INFO  com.restassured.framework.utils.APIUtils - Received response with status code: 200
01:56:18.660 [main] INFO  com.restassured.framework.base.BaseTest - Created booking with ID: 3051
01:56:18.873 [main] INFO  com.restassured.framework.listeners.TestListener - Test passed: testCreateBooking
]]></system-out>
    <system-err><![CDATA[SLF4J: Failed to load class "org.slf4j.impl.StaticLoggerBinder".
SLF4J: Defaulting to no-operation (NOP) logger implementation
SLF4J: See http://www.slf4j.org/codes.html#StaticLoggerBinder for further details.
]]></system-err>
  </testcase>
  <testcase name="testGetBooking" classname="com.restassured.framework.tests.BookingPositiveTests" time="1.327">
    <system-out><![CDATA[01:56:18.885 [main] INFO  com.restassured.framework.listeners.TestListener - Test started: testGetBooking
01:56:18.886 [main] INFO  com.restassured.framework.base.BaseTest - Testing get booking using GET API
01:56:18.888 [main] INFO  com.restassured.framework.utils.APIUtils - Sending GET request to: /booking/3051
01:56:20.142 [main] INFO  com.restassured.framework.utils.APIUtils - Received response with status code: 200
01:56:20.212 [main] INFO  com.restassured.framework.listeners.TestListener - Test passed: testGetBooking
]]></system-out>
  </testcase>
  <testcase name="testCreateBookingWithInvalidData" classname="com.restassured.framework.tests.BookingNegativeTests" time="1.194">
    <system-out><![CDATA[01:56:20.213 [main] INFO  com.restassured.framework.base.BaseTest - Setting up base URL: https://restful-booker.herokuapp.com
01:56:20.215 [main] INFO  com.restassured.framework.listeners.TestListener - Test started: testCreateBookingWithInvalidData
01:56:20.216 [main] INFO  com.restassured.framework.base.BaseTest - Testing create booking with invalid data
01:56:20.218 [main] INFO  com.restassured.framework.utils.APIUtils - Sending POST request to: /booking
01:56:21.408 [main] INFO  com.restassured.framework.utils.APIUtils - Received response with status code: 200
01:56:21.408 [main] INFO  com.restassured.framework.listeners.TestListener - Test passed: testCreateBookingWithInvalidData
]]></system-out>
  </testcase>
  <testcase name="testGetNonExistentBooking" classname="com.restassured.framework.tests.BookingNegativeTests" time="1.211">
    <system-out><![CDATA[01:56:21.410 [main] INFO  com.restassured.framework.listeners.TestListener - Test started: testGetNonExistentBooking
01:56:21.410 [main] INFO  com.restassured.framework.base.BaseTest - Testing get non-existent booking
01:56:21.410 [main] INFO  com.restassured.framework.utils.APIUtils - Sending GET request to: /booking/999999
01:56:22.619 [main] INFO  com.restassured.framework.utils.APIUtils - Received response with status code: 404
01:56:22.619 [main] INFO  com.restassured.framework.listeners.TestListener - Test passed: testGetNonExistentBooking
]]></system-out>
  </testcase>
  <testcase name="testCreateBooking[com.restassured.framework.models.Booking@1dca62c2](1)" classname="com.restassured.framework.tests.BookingDataDrivenTests" time="2.38">
    <system-out><![CDATA[01:56:22.620 [main] INFO  com.restassured.framework.base.BaseTest - Setting up base URL: https://restful-booker.herokuapp.com
01:56:22.625 [main] INFO  com.restassured.framework.listeners.TestListener - Test started: testCreateBooking
01:56:22.627 [main] INFO  com.restassured.framework.base.BaseTest - Testing create booking with data: com.restassured.framework.models.Booking@1dca62c2
01:56:22.630 [main] INFO  com.restassured.framework.utils.APIUtils - Sending POST request to: /booking
01:56:23.795 [main] INFO  com.restassured.framework.utils.APIUtils - Received response with status code: 200
01:56:23.817 [main] INFO  com.restassured.framework.utils.APIUtils - Sending GET request to: /booking/3102
01:56:24.942 [main] INFO  com.restassured.framework.utils.APIUtils - Received response with status code: 200
01:56:25.003 [main] INFO  com.restassured.framework.listeners.TestListener - Test passed: testCreateBooking
]]></system-out>
  </testcase>
  <testcase name="testCreateBooking[com.restassured.framework.models.Booking@64420e34](2)" classname="com.restassured.framework.tests.BookingDataDrivenTests" time="2.481">
    <system-out><![CDATA[01:56:25.006 [main] INFO  com.restassured.framework.listeners.TestListener - Test started: testCreateBooking
01:56:25.007 [main] INFO  com.restassured.framework.base.BaseTest - Testing create booking with data: com.restassured.framework.models.Booking@64420e34
01:56:25.007 [main] INFO  com.restassured.framework.utils.APIUtils - Sending POST request to: /booking
01:56:26.193 [main] INFO  com.restassured.framework.utils.APIUtils - Received response with status code: 200
01:56:26.205 [main] INFO  com.restassured.framework.utils.APIUtils - Sending GET request to: /booking/3124
01:56:27.429 [main] INFO  com.restassured.framework.utils.APIUtils - Received response with status code: 200
01:56:27.486 [main] INFO  com.restassured.framework.listeners.TestListener - Test passed: testCreateBooking
]]></system-out>
  </testcase>
</testsuite>