<?xml version="1.0" encoding="UTF-8"?>
<!-- Generated by org.testng.reporters.JUnitXMLReporter -->
<testsuite ignored="4" hostname="SANJAY-PC" failures="0" tests="6" name="Booking API Tests" time="14.04" errors="0" timestamp="2025-01-09T01:56:27 IST">
  <testcase classname="com.restassured.framework.tests.BookingPositiveTests" name="testCreateBooking" time="4.753"/>
  <testcase classname="com.restassured.framework.tests.BookingPositiveTests" name="testGetBooking" time="1.327"/>
  <testcase classname="com.restassured.framework.tests.BookingNegativeTests" name="testCreateBookingWithInvalidData" time="1.193"/>
  <testcase classname="com.restassured.framework.tests.BookingNegativeTests" name="testGetNonExistentBooking" time="1.209"/>
  <testcase classname="com.restassured.framework.tests.BookingDataDrivenTests" name="testCreateBooking" time="2.378"/>
  <testcase classname="com.restassured.framework.tests.BookingDataDrivenTests" name="testCreateBooking" time="2.481"/>
  <testcase classname="com.restassured.framework.base.BaseTest" name="@AfterSuite tearDownSuite" time="0.0">
    <ignored/>
  </testcase> <!-- @AfterSuite tearDownSuite -->
  <testcase classname="com.restassured.framework.base.BaseTest" name="@AfterSuite tearDownSuite" time="0.0">
    <ignored/>
  </testcase> <!-- @AfterSuite tearDownSuite -->
  <testcase classname="com.restassured.framework.base.BaseTest" name="@BeforeSuite setUpSuite" time="0.0">
    <ignored/>
  </testcase> <!-- @BeforeSuite setUpSuite -->
  <testcase classname="com.restassured.framework.base.BaseTest" name="@BeforeSuite setUpSuite" time="0.0">
    <ignored/>
  </testcase> <!-- @BeforeSuite setUpSuite -->
</testsuite> <!-- Booking API Tests -->
